2023-10-03 21:08:58,231 ERROR org.springframework.boot.SpringApplication [main] Application run failed
java.lang.IllegalStateException: java.lang.IllegalStateException: Logback configuration error detected: 
ERROR in ch.qos.logback.classic.pattern.LoggerConverter@34f7234e - failed to parse integer string [1.] java.lang.NumberFormatException: For input string: "1."
	at org.springframework.boot.context.logging.LoggingApplicationListener.initializeSystem(LoggingApplicationListener.java:347)
	at org.springframework.boot.context.logging.LoggingApplicationListener.initialize(LoggingApplicationListener.java:298)
	at org.springframework.boot.context.logging.LoggingApplicationListener.onApplicationEnvironmentPreparedEvent(LoggingApplicationListener.java:246)
	at org.springframework.boot.context.logging.LoggingApplicationListener.onApplicationEvent(LoggingApplicationListener.java:223)
	at org.springframework.context.event.SimpleApplicationEventMulticaster.doInvokeListener(SimpleApplicationEventMulticaster.java:172)
	at org.springframework.context.event.SimpleApplicationEventMulticaster.invokeListener(SimpleApplicationEventMulticaster.java:165)
	at org.springframework.context.event.SimpleApplicationEventMulticaster.multicastEvent(SimpleApplicationEventMulticaster.java:143)
	at org.springframework.context.event.SimpleApplicationEventMulticaster.multicastEvent(SimpleApplicationEventMulticaster.java:131)
	at org.springframework.boot.context.event.EventPublishingRunListener.multicastInitialEvent(EventPublishingRunListener.java:136)
	at org.springframework.boot.context.event.EventPublishingRunListener.environmentPrepared(EventPublishingRunListener.java:81)
	at org.springframework.boot.SpringApplicationRunListeners.lambda$environmentPrepared$2(SpringApplicationRunListeners.java:64)
	at java.base/java.lang.Iterable.forEach(Iterable.java:75)
	at org.springframework.boot.SpringApplicationRunListeners.doWithListeners(SpringApplicationRunListeners.java:118)
	at org.springframework.boot.SpringApplicationRunListeners.doWithListeners(SpringApplicationRunListeners.java:112)
	at org.springframework.boot.SpringApplicationRunListeners.environmentPrepared(SpringApplicationRunListeners.java:63)
	at org.springframework.boot.SpringApplication.prepareEnvironment(SpringApplication.java:356)
	at org.springframework.boot.SpringApplication.run(SpringApplication.java:307)
	at org.springframework.boot.SpringApplication.run(SpringApplication.java:1306)
	at org.springframework.boot.SpringApplication.run(SpringApplication.java:1295)
	at by.andrey.yarosh.andreyyaroshbot.AndreyYaroshBotApplication.main(AndreyYaroshBotApplication.java:10)
Caused by: java.lang.IllegalStateException: Logback configuration error detected: 
ERROR in ch.qos.logback.classic.pattern.LoggerConverter@34f7234e - failed to parse integer string [1.] java.lang.NumberFormatException: For input string: "1."
	at org.springframework.boot.logging.logback.LogbackLoggingSystem.reportConfigurationErrorsIfNecessary(LogbackLoggingSystem.java:260)
	at org.springframework.boot.logging.logback.LogbackLoggingSystem.loadConfiguration(LogbackLoggingSystem.java:247)
	at org.springframework.boot.logging.logback.LogbackLoggingSystem.reinitialize(LogbackLoggingSystem.java:319)
	at org.springframework.boot.logging.AbstractLoggingSystem.initializeWithConventions(AbstractLoggingSystem.java:73)
	at org.springframework.boot.logging.AbstractLoggingSystem.initialize(AbstractLoggingSystem.java:60)
	at org.springframework.boot.logging.logback.LogbackLoggingSystem.initialize(LogbackLoggingSystem.java:187)
	at org.springframework.boot.context.logging.LoggingApplicationListener.initializeSystem(LoggingApplicationListener.java:332)
	... 19 common frames omitted
2023-10-03 21:10:36,788 INFO by.andrey.yarosh.andreyyaroshbot.AndreyYaroshBotApplication [main] Starting AndreyYaroshBotApplication using Java 17.0.5 on fedora with PID 31629 (/home/andrey/IdeaProjects/AndreyYaroshBot/target/classes started by andrey in /home/andrey/IdeaProjects/AndreyYaroshBot)
2023-10-03 21:10:36,790 DEBUG by.andrey.yarosh.andreyyaroshbot.AndreyYaroshBotApplication [main] Running with Spring Boot v2.7.5, Spring v5.3.23
2023-10-03 21:10:36,790 INFO by.andrey.yarosh.andreyyaroshbot.AndreyYaroshBotApplication [main] No active profile set, falling back to 1 default profile: "default"
2023-10-03 21:10:37,243 INFO org.springframework.data.repository.config.RepositoryConfigurationDelegate [main] Bootstrapping Spring Data JPA repositories in DEFAULT mode.
2023-10-03 21:10:37,280 INFO org.springframework.data.repository.config.RepositoryConfigurationDelegate [main] Finished Spring Data repository scanning in 30 ms. Found 1 JPA repository interfaces.
2023-10-03 21:10:37,605 INFO org.hibernate.jpa.internal.util.LogHelper [main] HHH000204: Processing PersistenceUnitInfo [name: default]
2023-10-03 21:10:37,650 INFO org.hibernate.Version [main] HHH000412: Hibernate ORM core version 5.6.12.Final
2023-10-03 21:10:37,770 INFO org.hibernate.annotations.common.Version [main] HCANN000001: Hibernate Commons Annotations {5.1.2.Final}
2023-10-03 21:10:37,848 INFO com.zaxxer.hikari.HikariDataSource [main] HikariPool-1 - Starting...
2023-10-03 21:10:38,207 INFO com.zaxxer.hikari.HikariDataSource [main] HikariPool-1 - Start completed.
2023-10-03 21:10:38,220 INFO org.hibernate.dialect.Dialect [main] HHH000400: Using dialect: org.hibernate.dialect.MySQL8Dialect
2023-10-03 21:10:38,728 INFO org.hibernate.engine.transaction.jta.platform.internal.JtaPlatformInitiator [main] HHH000490: Using JtaPlatform implementation: [org.hibernate.engine.transaction.jta.platform.internal.NoJtaPlatform]
2023-10-03 21:10:38,734 INFO org.springframework.orm.jpa.LocalContainerEntityManagerFactoryBean [main] Initialized JPA EntityManagerFactory for persistence unit 'default'
2023-10-03 21:10:40,582 INFO by.andrey.yarosh.andreyyaroshbot.AndreyYaroshBotApplication [main] Started AndreyYaroshBotApplication in 4.206 seconds (JVM running for 4.991)
2023-10-03 21:11:13,756 INFO org.springframework.orm.jpa.LocalContainerEntityManagerFactoryBean [SpringApplicationShutdownHook] Closing JPA EntityManagerFactory for persistence unit 'default'
2023-10-03 21:11:13,759 INFO com.zaxxer.hikari.HikariDataSource [SpringApplicationShutdownHook] HikariPool-1 - Shutdown initiated...
2023-10-03 21:11:13,769 INFO com.zaxxer.hikari.HikariDataSource [SpringApplicationShutdownHook] HikariPool-1 - Shutdown completed.
2023-10-03 21:11:37,020 INFO by.andrey.yarosh.andreyyaroshbot.AndreyYaroshBotApplication [main] Starting AndreyYaroshBotApplication using Java 17.0.5 on fedora with PID 31828 (/home/andrey/IdeaProjects/AndreyYaroshBot/target/classes started by andrey in /home/andrey/IdeaProjects/AndreyYaroshBot)
2023-10-03 21:11:37,021 DEBUG by.andrey.yarosh.andreyyaroshbot.AndreyYaroshBotApplication [main] Running with Spring Boot v2.7.5, Spring v5.3.23
2023-10-03 21:11:37,022 INFO by.andrey.yarosh.andreyyaroshbot.AndreyYaroshBotApplication [main] No active profile set, falling back to 1 default profile: "default"
2023-10-03 21:11:37,491 INFO org.springframework.data.repository.config.RepositoryConfigurationDelegate [main] Bootstrapping Spring Data JPA repositories in DEFAULT mode.
2023-10-03 21:11:37,528 INFO org.springframework.data.repository.config.RepositoryConfigurationDelegate [main] Finished Spring Data repository scanning in 30 ms. Found 1 JPA repository interfaces.
2023-10-03 21:11:37,850 INFO org.hibernate.jpa.internal.util.LogHelper [main] HHH000204: Processing PersistenceUnitInfo [name: default]
2023-10-03 21:11:37,885 INFO org.hibernate.Version [main] HHH000412: Hibernate ORM core version 5.6.12.Final
2023-10-03 21:11:38,035 INFO org.hibernate.annotations.common.Version [main] HCANN000001: Hibernate Commons Annotations {5.1.2.Final}
2023-10-03 21:11:38,111 INFO com.zaxxer.hikari.HikariDataSource [main] HikariPool-1 - Starting...
2023-10-03 21:11:38,400 INFO com.zaxxer.hikari.HikariDataSource [main] HikariPool-1 - Start completed.
2023-10-03 21:11:38,413 INFO org.hibernate.dialect.Dialect [main] HHH000400: Using dialect: org.hibernate.dialect.MySQL8Dialect
2023-10-03 21:11:38,933 INFO org.hibernate.engine.transaction.jta.platform.internal.JtaPlatformInitiator [main] HHH000490: Using JtaPlatform implementation: [org.hibernate.engine.transaction.jta.platform.internal.NoJtaPlatform]
2023-10-03 21:11:38,940 INFO org.springframework.orm.jpa.LocalContainerEntityManagerFactoryBean [main] Initialized JPA EntityManagerFactory for persistence unit 'default'
2023-10-03 21:11:40,570 INFO by.andrey.yarosh.andreyyaroshbot.AndreyYaroshBotApplication [main] Started AndreyYaroshBotApplication in 3.958 seconds (JVM running for 4.898)
2023-10-03 21:11:40,574 INFO org.springframework.orm.jpa.LocalContainerEntityManagerFactoryBean [SpringApplicationShutdownHook] Closing JPA EntityManagerFactory for persistence unit 'default'
2023-10-03 21:11:40,575 INFO org.springframework.boot.autoconfigure.logging.ConditionEvaluationReportLoggingListener [main] 

Error starting ApplicationContext. To display the conditions report re-run your application with 'debug' enabled.
2023-10-03 21:11:40,578 INFO com.zaxxer.hikari.HikariDataSource [SpringApplicationShutdownHook] HikariPool-1 - Shutdown initiated...
2023-10-03 21:11:40,597 ERROR org.springframework.boot.SpringApplication [main] Application run failed
org.springframework.beans.factory.BeanCreationNotAllowedException: Error creating bean with name 'springApplicationAdminRegistrar': Singleton bean creation not allowed while singletons of this factory are in destruction (Do not request a bean from a BeanFactory in a destroy method implementation!)
	at org.springframework.beans.factory.support.DefaultSingletonBeanRegistry.getSingleton(DefaultSingletonBeanRegistry.java:220)
	at org.springframework.beans.factory.support.AbstractBeanFactory.doGetBean(AbstractBeanFactory.java:333)
	at org.springframework.beans.factory.support.AbstractBeanFactory.getBean(AbstractBeanFactory.java:213)
	at org.springframework.context.event.AbstractApplicationEventMulticaster.retrieveApplicationListeners(AbstractApplicationEventMulticaster.java:264)
	at org.springframework.context.event.AbstractApplicationEventMulticaster.getApplicationListeners(AbstractApplicationEventMulticaster.java:221)
	at org.springframework.context.event.SimpleApplicationEventMulticaster.multicastEvent(SimpleApplicationEventMulticaster.java:138)
	at org.springframework.context.support.AbstractApplicationContext.publishEvent(AbstractApplicationContext.java:421)
	at org.springframework.context.support.AbstractApplicationContext.publishEvent(AbstractApplicationContext.java:378)
	at org.springframework.boot.availability.AvailabilityChangeEvent.publish(AvailabilityChangeEvent.java:92)
	at org.springframework.boot.availability.AvailabilityChangeEvent.publish(AvailabilityChangeEvent.java:78)
	at org.springframework.boot.context.event.EventPublishingRunListener.started(EventPublishingRunListener.java:109)
	at org.springframework.boot.SpringApplicationRunListeners.lambda$started$5(SpringApplicationRunListeners.java:78)
	at java.base/java.util.ArrayList.forEach(ArrayList.java:1511)
	at org.springframework.boot.SpringApplicationRunListeners.doWithListeners(SpringApplicationRunListeners.java:120)
	at org.springframework.boot.SpringApplicationRunListeners.doWithListeners(SpringApplicationRunListeners.java:114)
	at org.springframework.boot.SpringApplicationRunListeners.started(SpringApplicationRunListeners.java:78)
	at org.springframework.boot.SpringApplication.run(SpringApplication.java:314)
	at org.springframework.boot.SpringApplication.run(SpringApplication.java:1306)
	at org.springframework.boot.SpringApplication.run(SpringApplication.java:1295)
	at by.andrey.yarosh.andreyyaroshbot.AndreyYaroshBotApplication.main(AndreyYaroshBotApplication.java:10)
2023-10-03 21:11:40,600 INFO com.zaxxer.hikari.HikariDataSource [SpringApplicationShutdownHook] HikariPool-1 - Shutdown completed.
2023-10-03 21:12:04,390 INFO by.andrey.yarosh.andreyyaroshbot.AndreyYaroshBotApplication [main] Starting AndreyYaroshBotApplication using Java 17.0.5 on fedora with PID 31985 (/home/andrey/IdeaProjects/AndreyYaroshBot/target/classes started by andrey in /home/andrey/IdeaProjects/AndreyYaroshBot)
2023-10-03 21:12:04,392 DEBUG by.andrey.yarosh.andreyyaroshbot.AndreyYaroshBotApplication [main] Running with Spring Boot v2.7.5, Spring v5.3.23
2023-10-03 21:12:04,393 INFO by.andrey.yarosh.andreyyaroshbot.AndreyYaroshBotApplication [main] No active profile set, falling back to 1 default profile: "default"
2023-10-03 21:12:04,883 INFO org.springframework.data.repository.config.RepositoryConfigurationDelegate [main] Bootstrapping Spring Data JPA repositories in DEFAULT mode.
2023-10-03 21:12:04,921 INFO org.springframework.data.repository.config.RepositoryConfigurationDelegate [main] Finished Spring Data repository scanning in 30 ms. Found 1 JPA repository interfaces.
2023-10-03 21:12:05,256 INFO org.hibernate.jpa.internal.util.LogHelper [main] HHH000204: Processing PersistenceUnitInfo [name: default]
2023-10-03 21:12:05,298 INFO org.hibernate.Version [main] HHH000412: Hibernate ORM core version 5.6.12.Final
2023-10-03 21:12:05,430 INFO org.hibernate.annotations.common.Version [main] HCANN000001: Hibernate Commons Annotations {5.1.2.Final}
2023-10-03 21:12:05,506 INFO com.zaxxer.hikari.HikariDataSource [main] HikariPool-1 - Starting...
2023-10-03 21:12:05,821 INFO com.zaxxer.hikari.HikariDataSource [main] HikariPool-1 - Start completed.
2023-10-03 21:12:05,840 INFO org.hibernate.dialect.Dialect [main] HHH000400: Using dialect: org.hibernate.dialect.MySQL8Dialect
2023-10-03 21:12:06,382 INFO org.hibernate.engine.transaction.jta.platform.internal.JtaPlatformInitiator [main] HHH000490: Using JtaPlatform implementation: [org.hibernate.engine.transaction.jta.platform.internal.NoJtaPlatform]
2023-10-03 21:12:06,388 INFO org.springframework.orm.jpa.LocalContainerEntityManagerFactoryBean [main] Initialized JPA EntityManagerFactory for persistence unit 'default'
2023-10-03 21:12:07,398 INFO by.andrey.yarosh.andreyyaroshbot.AndreyYaroshBotApplication [main] Started AndreyYaroshBotApplication in 3.436 seconds (JVM running for 4.249)
2023-10-03 21:12:08,016 INFO org.springframework.orm.jpa.LocalContainerEntityManagerFactoryBean [SpringApplicationShutdownHook] Closing JPA EntityManagerFactory for persistence unit 'default'
2023-10-03 21:12:08,020 INFO com.zaxxer.hikari.HikariDataSource [SpringApplicationShutdownHook] HikariPool-1 - Shutdown initiated...
2023-10-03 21:12:08,028 INFO com.zaxxer.hikari.HikariDataSource [SpringApplicationShutdownHook] HikariPool-1 - Shutdown completed.
2023-10-03 21:14:18,850 INFO by.andrey.yarosh.andreyyaroshbot.AndreyYaroshBotApplication [main] Starting AndreyYaroshBotApplication using Java 17.0.5 on fedora with PID 32485 (/home/andrey/IdeaProjects/AndreyYaroshBot/target/classes started by andrey in /home/andrey/IdeaProjects/AndreyYaroshBot)
2023-10-03 21:14:18,852 DEBUG by.andrey.yarosh.andreyyaroshbot.AndreyYaroshBotApplication [main] Running with Spring Boot v2.7.5, Spring v5.3.23
2023-10-03 21:14:18,853 INFO by.andrey.yarosh.andreyyaroshbot.AndreyYaroshBotApplication [main] No active profile set, falling back to 1 default profile: "default"
2023-10-03 21:14:19,384 INFO org.springframework.data.repository.config.RepositoryConfigurationDelegate [main] Bootstrapping Spring Data JPA repositories in DEFAULT mode.
2023-10-03 21:14:19,422 INFO org.springframework.data.repository.config.RepositoryConfigurationDelegate [main] Finished Spring Data repository scanning in 30 ms. Found 1 JPA repository interfaces.
2023-10-03 21:14:19,743 INFO org.hibernate.jpa.internal.util.LogHelper [main] HHH000204: Processing PersistenceUnitInfo [name: default]
2023-10-03 21:14:19,776 INFO org.hibernate.Version [main] HHH000412: Hibernate ORM core version 5.6.12.Final
2023-10-03 21:14:19,921 INFO org.hibernate.annotations.common.Version [main] HCANN000001: Hibernate Commons Annotations {5.1.2.Final}
2023-10-03 21:14:19,996 INFO com.zaxxer.hikari.HikariDataSource [main] HikariPool-1 - Starting...
2023-10-03 21:14:20,295 INFO com.zaxxer.hikari.HikariDataSource [main] HikariPool-1 - Start completed.
2023-10-03 21:14:20,308 INFO org.hibernate.dialect.Dialect [main] HHH000400: Using dialect: org.hibernate.dialect.MySQL8Dialect
2023-10-03 21:14:20,831 INFO org.hibernate.engine.transaction.jta.platform.internal.JtaPlatformInitiator [main] HHH000490: Using JtaPlatform implementation: [org.hibernate.engine.transaction.jta.platform.internal.NoJtaPlatform]
2023-10-03 21:14:20,839 INFO org.springframework.orm.jpa.LocalContainerEntityManagerFactoryBean [main] Initialized JPA EntityManagerFactory for persistence unit 'default'
2023-10-03 21:14:21,847 INFO by.andrey.yarosh.andreyyaroshbot.AndreyYaroshBotApplication [main] Started AndreyYaroshBotApplication in 3.435 seconds (JVM running for 4.285)
2023-10-03 21:14:27,920 INFO org.springframework.orm.jpa.LocalContainerEntityManagerFactoryBean [SpringApplicationShutdownHook] Closing JPA EntityManagerFactory for persistence unit 'default'
2023-10-03 21:14:27,924 INFO com.zaxxer.hikari.HikariDataSource [SpringApplicationShutdownHook] HikariPool-1 - Shutdown initiated...
2023-10-03 21:14:27,940 INFO com.zaxxer.hikari.HikariDataSource [SpringApplicationShutdownHook] HikariPool-1 - Shutdown completed.
2023-10-03 21:14:30,464 INFO by.andrey.yarosh.andreyyaroshbot.AndreyYaroshBotApplication [main] Starting AndreyYaroshBotApplication using Java 17.0.5 on fedora with PID 32606 (/home/andrey/IdeaProjects/AndreyYaroshBot/target/classes started by andrey in /home/andrey/IdeaProjects/AndreyYaroshBot)
2023-10-03 21:14:30,466 DEBUG by.andrey.yarosh.andreyyaroshbot.AndreyYaroshBotApplication [main] Running with Spring Boot v2.7.5, Spring v5.3.23
2023-10-03 21:14:30,467 INFO by.andrey.yarosh.andreyyaroshbot.AndreyYaroshBotApplication [main] No active profile set, falling back to 1 default profile: "default"
2023-10-03 21:14:30,951 INFO org.springframework.data.repository.config.RepositoryConfigurationDelegate [main] Bootstrapping Spring Data JPA repositories in DEFAULT mode.
2023-10-03 21:14:30,991 INFO org.springframework.data.repository.config.RepositoryConfigurationDelegate [main] Finished Spring Data repository scanning in 32 ms. Found 1 JPA repository interfaces.
2023-10-03 21:14:31,331 INFO org.hibernate.jpa.internal.util.LogHelper [main] HHH000204: Processing PersistenceUnitInfo [name: default]
2023-10-03 21:14:31,372 INFO org.hibernate.Version [main] HHH000412: Hibernate ORM core version 5.6.12.Final
2023-10-03 21:14:31,519 INFO org.hibernate.annotations.common.Version [main] HCANN000001: Hibernate Commons Annotations {5.1.2.Final}
2023-10-03 21:14:31,657 INFO com.zaxxer.hikari.HikariDataSource [main] HikariPool-1 - Starting...
2023-10-03 21:14:32,168 INFO com.zaxxer.hikari.HikariDataSource [main] HikariPool-1 - Start completed.
2023-10-03 21:14:32,182 INFO org.hibernate.dialect.Dialect [main] HHH000400: Using dialect: org.hibernate.dialect.MySQL8Dialect
2023-10-03 21:14:32,688 INFO org.hibernate.engine.transaction.jta.platform.internal.JtaPlatformInitiator [main] HHH000490: Using JtaPlatform implementation: [org.hibernate.engine.transaction.jta.platform.internal.NoJtaPlatform]
2023-10-03 21:14:32,694 INFO org.springframework.orm.jpa.LocalContainerEntityManagerFactoryBean [main] Initialized JPA EntityManagerFactory for persistence unit 'default'
2023-10-03 21:14:33,726 INFO by.andrey.yarosh.andreyyaroshbot.AndreyYaroshBotApplication [main] Started AndreyYaroshBotApplication in 3.721 seconds (JVM running for 4.451)
2023-10-03 21:15:17,323 INFO org.springframework.orm.jpa.LocalContainerEntityManagerFactoryBean [SpringApplicationShutdownHook] Closing JPA EntityManagerFactory for persistence unit 'default'
2023-10-03 21:15:17,327 INFO com.zaxxer.hikari.HikariDataSource [SpringApplicationShutdownHook] HikariPool-1 - Shutdown initiated...
2023-10-03 21:15:17,337 INFO com.zaxxer.hikari.HikariDataSource [SpringApplicationShutdownHook] HikariPool-1 - Shutdown completed.
2023-10-03 21:15:50,423 ERROR org.springframework.boot.SpringApplication [main] Application run failed
java.lang.IllegalStateException: java.lang.IllegalStateException: Logback configuration error detected: 
ERROR in ch.qos.logback.classic.pattern.LoggerConverter@78f5c518 - failed to parse integer string [1.] java.lang.NumberFormatException: For input string: "1."
	at org.springframework.boot.context.logging.LoggingApplicationListener.initializeSystem(LoggingApplicationListener.java:347)
	at org.springframework.boot.context.logging.LoggingApplicationListener.initialize(LoggingApplicationListener.java:298)
	at org.springframework.boot.context.logging.LoggingApplicationListener.onApplicationEnvironmentPreparedEvent(LoggingApplicationListener.java:246)
	at org.springframework.boot.context.logging.LoggingApplicationListener.onApplicationEvent(LoggingApplicationListener.java:223)
	at org.springframework.context.event.SimpleApplicationEventMulticaster.doInvokeListener(SimpleApplicationEventMulticaster.java:172)
	at org.springframework.context.event.SimpleApplicationEventMulticaster.invokeListener(SimpleApplicationEventMulticaster.java:165)
	at org.springframework.context.event.SimpleApplicationEventMulticaster.multicastEvent(SimpleApplicationEventMulticaster.java:143)
	at org.springframework.context.event.SimpleApplicationEventMulticaster.multicastEvent(SimpleApplicationEventMulticaster.java:131)
	at org.springframework.boot.context.event.EventPublishingRunListener.multicastInitialEvent(EventPublishingRunListener.java:136)
	at org.springframework.boot.context.event.EventPublishingRunListener.environmentPrepared(EventPublishingRunListener.java:81)
	at org.springframework.boot.SpringApplicationRunListeners.lambda$environmentPrepared$2(SpringApplicationRunListeners.java:64)
	at java.base/java.lang.Iterable.forEach(Iterable.java:75)
	at org.springframework.boot.SpringApplicationRunListeners.doWithListeners(SpringApplicationRunListeners.java:118)
	at org.springframework.boot.SpringApplicationRunListeners.doWithListeners(SpringApplicationRunListeners.java:112)
	at org.springframework.boot.SpringApplicationRunListeners.environmentPrepared(SpringApplicationRunListeners.java:63)
	at org.springframework.boot.SpringApplication.prepareEnvironment(SpringApplication.java:356)
	at org.springframework.boot.SpringApplication.run(SpringApplication.java:307)
	at org.springframework.boot.SpringApplication.run(SpringApplication.java:1306)
	at org.springframework.boot.SpringApplication.run(SpringApplication.java:1295)
	at by.andrey.yarosh.andreyyaroshbot.AndreyYaroshBotApplication.main(AndreyYaroshBotApplication.java:10)
Caused by: java.lang.IllegalStateException: Logback configuration error detected: 
ERROR in ch.qos.logback.classic.pattern.LoggerConverter@78f5c518 - failed to parse integer string [1.] java.lang.NumberFormatException: For input string: "1."
	at org.springframework.boot.logging.logback.LogbackLoggingSystem.reportConfigurationErrorsIfNecessary(LogbackLoggingSystem.java:260)
	at org.springframework.boot.logging.logback.LogbackLoggingSystem.loadConfiguration(LogbackLoggingSystem.java:247)
	at org.springframework.boot.logging.logback.LogbackLoggingSystem.reinitialize(LogbackLoggingSystem.java:319)
	at org.springframework.boot.logging.AbstractLoggingSystem.initializeWithConventions(AbstractLoggingSystem.java:73)
	at org.springframework.boot.logging.AbstractLoggingSystem.initialize(AbstractLoggingSystem.java:60)
	at org.springframework.boot.logging.logback.LogbackLoggingSystem.initialize(LogbackLoggingSystem.java:187)
	at org.springframework.boot.context.logging.LoggingApplicationListener.initializeSystem(LoggingApplicationListener.java:332)
	... 19 common frames omitted
2023-10-03 21:16:18,256 ERROR org.springframework.boot.SpringApplication [main] Application run failed
java.lang.IllegalStateException: java.lang.IllegalStateException: Logback configuration error detected: 
ERROR in ch.qos.logback.classic.pattern.LoggerConverter@2f48b3d2 - failed to parse integer string [1.] java.lang.NumberFormatException: For input string: "1."
	at org.springframework.boot.context.logging.LoggingApplicationListener.initializeSystem(LoggingApplicationListener.java:347)
	at org.springframework.boot.context.logging.LoggingApplicationListener.initialize(LoggingApplicationListener.java:298)
	at org.springframework.boot.context.logging.LoggingApplicationListener.onApplicationEnvironmentPreparedEvent(LoggingApplicationListener.java:246)
	at org.springframework.boot.context.logging.LoggingApplicationListener.onApplicationEvent(LoggingApplicationListener.java:223)
	at org.springframework.context.event.SimpleApplicationEventMulticaster.doInvokeListener(SimpleApplicationEventMulticaster.java:172)
	at org.springframework.context.event.SimpleApplicationEventMulticaster.invokeListener(SimpleApplicationEventMulticaster.java:165)
	at org.springframework.context.event.SimpleApplicationEventMulticaster.multicastEvent(SimpleApplicationEventMulticaster.java:143)
	at org.springframework.context.event.SimpleApplicationEventMulticaster.multicastEvent(SimpleApplicationEventMulticaster.java:131)
	at org.springframework.boot.context.event.EventPublishingRunListener.multicastInitialEvent(EventPublishingRunListener.java:136)
	at org.springframework.boot.context.event.EventPublishingRunListener.environmentPrepared(EventPublishingRunListener.java:81)
	at org.springframework.boot.SpringApplicationRunListeners.lambda$environmentPrepared$2(SpringApplicationRunListeners.java:64)
	at java.base/java.lang.Iterable.forEach(Iterable.java:75)
	at org.springframework.boot.SpringApplicationRunListeners.doWithListeners(SpringApplicationRunListeners.java:118)
	at org.springframework.boot.SpringApplicationRunListeners.doWithListeners(SpringApplicationRunListeners.java:112)
	at org.springframework.boot.SpringApplicationRunListeners.environmentPrepared(SpringApplicationRunListeners.java:63)
	at org.springframework.boot.SpringApplication.prepareEnvironment(SpringApplication.java:356)
	at org.springframework.boot.SpringApplication.run(SpringApplication.java:307)
	at org.springframework.boot.SpringApplication.run(SpringApplication.java:1306)
	at org.springframework.boot.SpringApplication.run(SpringApplication.java:1295)
	at by.andrey.yarosh.andreyyaroshbot.AndreyYaroshBotApplication.main(AndreyYaroshBotApplication.java:10)
Caused by: java.lang.IllegalStateException: Logback configuration error detected: 
ERROR in ch.qos.logback.classic.pattern.LoggerConverter@2f48b3d2 - failed to parse integer string [1.] java.lang.NumberFormatException: For input string: "1."
	at org.springframework.boot.logging.logback.LogbackLoggingSystem.reportConfigurationErrorsIfNecessary(LogbackLoggingSystem.java:260)
	at org.springframework.boot.logging.logback.LogbackLoggingSystem.loadConfiguration(LogbackLoggingSystem.java:247)
	at org.springframework.boot.logging.logback.LogbackLoggingSystem.reinitialize(LogbackLoggingSystem.java:319)
	at org.springframework.boot.logging.AbstractLoggingSystem.initializeWithConventions(AbstractLoggingSystem.java:73)
	at org.springframework.boot.logging.AbstractLoggingSystem.initialize(AbstractLoggingSystem.java:60)
	at org.springframework.boot.logging.logback.LogbackLoggingSystem.initialize(LogbackLoggingSystem.java:187)
	at org.springframework.boot.context.logging.LoggingApplicationListener.initializeSystem(LoggingApplicationListener.java:332)
	... 19 common frames omitted
2023-10-03 21:17:12,043 ERROR org.springframework.boot.SpringApplication [main] Application run failed
java.lang.IllegalStateException: java.lang.IllegalStateException: Logback configuration error detected: 
ERROR in ch.qos.logback.classic.pattern.LoggerConverter@732f29af - failed to parse integer string [1.] java.lang.NumberFormatException: For input string: "1."
	at org.springframework.boot.context.logging.LoggingApplicationListener.initializeSystem(LoggingApplicationListener.java:347)
	at org.springframework.boot.context.logging.LoggingApplicationListener.initialize(LoggingApplicationListener.java:298)
	at org.springframework.boot.context.logging.LoggingApplicationListener.onApplicationEnvironmentPreparedEvent(LoggingApplicationListener.java:246)
	at org.springframework.boot.context.logging.LoggingApplicationListener.onApplicationEvent(LoggingApplicationListener.java:223)
	at org.springframework.context.event.SimpleApplicationEventMulticaster.doInvokeListener(SimpleApplicationEventMulticaster.java:176)
	at org.springframework.context.event.SimpleApplicationEventMulticaster.invokeListener(SimpleApplicationEventMulticaster.java:169)
	at org.springframework.context.event.SimpleApplicationEventMulticaster.multicastEvent(SimpleApplicationEventMulticaster.java:143)
	at org.springframework.context.event.SimpleApplicationEventMulticaster.multicastEvent(SimpleApplicationEventMulticaster.java:131)
	at org.springframework.boot.context.event.EventPublishingRunListener.multicastInitialEvent(EventPublishingRunListener.java:136)
	at org.springframework.boot.context.event.EventPublishingRunListener.environmentPrepared(EventPublishingRunListener.java:81)
	at org.springframework.boot.SpringApplicationRunListeners.lambda$environmentPrepared$2(SpringApplicationRunListeners.java:64)
	at java.base/java.lang.Iterable.forEach(Iterable.java:75)
	at org.springframework.boot.SpringApplicationRunListeners.doWithListeners(SpringApplicationRunListeners.java:118)
	at org.springframework.boot.SpringApplicationRunListeners.doWithListeners(SpringApplicationRunListeners.java:112)
	at org.springframework.boot.SpringApplicationRunListeners.environmentPrepared(SpringApplicationRunListeners.java:63)
	at org.springframework.boot.SpringApplication.prepareEnvironment(SpringApplication.java:354)
	at org.springframework.boot.SpringApplication.run(SpringApplication.java:305)
	at org.springframework.boot.SpringApplication.run(SpringApplication.java:1304)
	at org.springframework.boot.SpringApplication.run(SpringApplication.java:1293)
	at by.andrey.yarosh.andreyyaroshbot.AndreyYaroshBotApplication.main(AndreyYaroshBotApplication.java:10)
Caused by: java.lang.IllegalStateException: Logback configuration error detected: 
ERROR in ch.qos.logback.classic.pattern.LoggerConverter@732f29af - failed to parse integer string [1.] java.lang.NumberFormatException: For input string: "1."
	at org.springframework.boot.logging.logback.LogbackLoggingSystem.reportConfigurationErrorsIfNecessary(LogbackLoggingSystem.java:261)
	at org.springframework.boot.logging.logback.LogbackLoggingSystem.loadConfiguration(LogbackLoggingSystem.java:248)
	at org.springframework.boot.logging.logback.LogbackLoggingSystem.reinitialize(LogbackLoggingSystem.java:320)
	at org.springframework.boot.logging.AbstractLoggingSystem.initializeWithConventions(AbstractLoggingSystem.java:73)
	at org.springframework.boot.logging.AbstractLoggingSystem.initialize(AbstractLoggingSystem.java:60)
	at org.springframework.boot.logging.logback.LogbackLoggingSystem.initialize(LogbackLoggingSystem.java:188)
	at org.springframework.boot.context.logging.LoggingApplicationListener.initializeSystem(LoggingApplicationListener.java:332)
	... 19 common frames omitted
2023-10-03 21:18:07,797 INFO by.andrey.yarosh.andreyyaroshbot.AndreyYaroshBotApplication [main] Starting AndreyYaroshBotApplication using Java 17.0.5 on fedora with PID 33541 (/home/andrey/IdeaProjects/AndreyYaroshBot/target/classes started by andrey in /home/andrey/IdeaProjects/AndreyYaroshBot)
2023-10-03 21:18:07,800 DEBUG by.andrey.yarosh.andreyyaroshbot.AndreyYaroshBotApplication [main] Running with Spring Boot v2.7.12, Spring v5.3.27
2023-10-03 21:18:07,801 INFO by.andrey.yarosh.andreyyaroshbot.AndreyYaroshBotApplication [main] No active profile set, falling back to 1 default profile: "default"
2023-10-03 21:18:08,259 INFO org.springframework.data.repository.config.RepositoryConfigurationDelegate [main] Bootstrapping Spring Data JPA repositories in DEFAULT mode.
2023-10-03 21:18:08,301 INFO org.springframework.data.repository.config.RepositoryConfigurationDelegate [main] Finished Spring Data repository scanning in 35 ms. Found 1 JPA repository interfaces.
2023-10-03 21:18:08,658 INFO org.hibernate.jpa.internal.util.LogHelper [main] HHH000204: Processing PersistenceUnitInfo [name: default]
2023-10-03 21:18:08,725 INFO org.hibernate.Version [main] HHH000412: Hibernate ORM core version 5.6.15.Final
2023-10-03 21:18:08,883 INFO org.hibernate.annotations.common.Version [main] HCANN000001: Hibernate Commons Annotations {5.1.2.Final}
2023-10-03 21:18:08,982 INFO com.zaxxer.hikari.HikariDataSource [main] HikariPool-1 - Starting...
2023-10-03 21:18:09,281 INFO com.zaxxer.hikari.HikariDataSource [main] HikariPool-1 - Start completed.
2023-10-03 21:18:09,299 INFO org.hibernate.dialect.Dialect [main] HHH000400: Using dialect: org.hibernate.dialect.MySQL8Dialect
2023-10-03 21:18:09,825 INFO org.hibernate.engine.transaction.jta.platform.internal.JtaPlatformInitiator [main] HHH000490: Using JtaPlatform implementation: [org.hibernate.engine.transaction.jta.platform.internal.NoJtaPlatform]
2023-10-03 21:18:09,832 INFO org.springframework.orm.jpa.LocalContainerEntityManagerFactoryBean [main] Initialized JPA EntityManagerFactory for persistence unit 'default'
2023-10-03 21:18:11,561 INFO by.andrey.yarosh.andreyyaroshbot.AndreyYaroshBotApplication [main] Started AndreyYaroshBotApplication in 4.237 seconds (JVM running for 5.1)
2023-10-03 21:18:44,352 INFO by.andrey.yarosh.andreyyaroshbot.service.TelegramBot [AndreyYaroshBot Telegram Executor] Replied to user Вожык ў тумане
2023-10-03 21:18:53,332 INFO org.springframework.orm.jpa.LocalContainerEntityManagerFactoryBean [SpringApplicationShutdownHook] Closing JPA EntityManagerFactory for persistence unit 'default'
2023-10-03 21:18:53,336 INFO com.zaxxer.hikari.HikariDataSource [SpringApplicationShutdownHook] HikariPool-1 - Shutdown initiated...
2023-10-03 21:18:53,345 INFO com.zaxxer.hikari.HikariDataSource [SpringApplicationShutdownHook] HikariPool-1 - Shutdown completed.
